Arguments: 
  /usr/local/bin/node /usr/local/bin/yarn add react-rangeslier

PATH: 
  /Users/lastuchiha/miniforge3/bin:/Users/lastuchiha/miniforge3/condabin:/Library/Frameworks/Python.framework/Versions/3.8/bin:/Library/Frameworks/Python.framework/Versions/3.7/bin:/Library/Frameworks/Python.framework/Versions/3.11/bin:/opt/homebrew/bin:/opt/homebrew/sbin:/usr/local/bin:/System/Cryptexes/App/usr/bin:/usr/bin:/bin:/usr/sbin:/sbin:/usr/bin/python3:/Library/Apple/usr/bin:/Users/lastuchiha/miniforge3/bin:/Users/lastuchiha/miniforge3/condabin:/Library/Frameworks/Python.framework/Versions/3.8/bin:/Library/Frameworks/Python.framework/Versions/3.7/bin:/Library/Frameworks/Python.framework/Versions/3.11/bin:/opt/homebrew/bin:/opt/homebrew/sbin

Yarn version: 
  1.22.19

Node version: 
  18.13.0

Platform: 
  darwin arm64

Trace: 
  Error: https://registry.yarnpkg.com/react-rangeslier: Not found
      at params.callback [as _callback] (/usr/local/lib/node_modules/yarn/lib/cli.js:66145:18)
      at self.callback (/usr/local/lib/node_modules/yarn/lib/cli.js:140890:22)
      at Request.emit (node:events:513:28)
      at Request.<anonymous> (/usr/local/lib/node_modules/yarn/lib/cli.js:141862:10)
      at Request.emit (node:events:513:28)
      at IncomingMessage.<anonymous> (/usr/local/lib/node_modules/yarn/lib/cli.js:141784:12)
      at Object.onceWrapper (node:events:627:28)
      at IncomingMessage.emit (node:events:525:35)
      at endReadableNT (node:internal/streams/readable:1359:12)
      at process.processTicksAndRejections (node:internal/process/task_queues:82:21)

npm manifest: 
  {
    "name": "lightspeed",
    "version": "0.1.0",
    "private": true,
    "scripts": {
      "dev": "next dev",
      "build": "next build",
      "start": "next start",
      "lint": "next lint"
    },
    "dependencies": {
      "@emotion/react": "^11.10.6",
      "@emotion/styled": "^11.10.6",
      "@mui/icons-material": "^5.11.16",
      "@types/node": "18.15.11",
      "@types/react": "18.0.31",
      "@types/react-dom": "18.0.11",
      "eslint": "8.37.0",
      "eslint-config-next": "13.2.4",
      "next": "13.2.4",
      "react": "18.2.0",
      "react-dom": "18.2.0",
      "typescript": "5.0.2"
    },
    "devDependencies": {
      "@types/react-no-ssr": "^1.1.3"
    }
  }

yarn manifest: 
  No manifest

Lockfile: 
  No lockfile
